gpt-sdk/proguard/seeds.txt
com.baidu.apkruntime.BuildConfig: BuildConfig()
com.baidu.apkruntime.R: R()
com.baidu.apkruntime.R$attr: R$attr()
com.baidu.apkruntime.R$color: int card_pressed
com.baidu.apkruntime.R$color: int pure_white
com.baidu.apkruntime.R$color: R$color()
com.baidu.apkruntime.R$dimen: int icon_margin
com.baidu.apkruntime.R$dimen: int list_app_name_text_size
com.baidu.apkruntime.R$dimen: int list_desc_text_size
com.baidu.apkruntime.R$dimen: int list_file_name_text_size
com.baidu.apkruntime.R$dimen: int normal_margin
com.baidu.apkruntime.R$dimen: int small_margin
com.baidu.apkruntime.R$dimen: R$dimen()
com.baidu.apkruntime.R$drawable: int ic_launcher
com.baidu.apkruntime.R$drawable: int list_item_background
com.baidu.apkruntime.R$drawable: R$drawable()
com.baidu.apkruntime.R$id: int appname
com.baidu.apkruntime.R$id: int description
com.baidu.apkruntime.R$id: int filename
com.baidu.apkruntime.R$id: int img
com.baidu.apkruntime.R$id: R$id()
com.baidu.apkruntime.R$layout: int listitem
com.baidu.apkruntime.R$layout: R$layout()
com.baidu.apkruntime.R$string: int app_name
com.baidu.apkruntime.R$string: int des1
com.baidu.apkruntime.R$string: int des2
com.baidu.apkruntime.R$string: int des3
com.baidu.apkruntime.R$string: R$string()
com.baidu.apkruntime.R$style: int AppBaseTheme
com.baidu.apkruntime.R$style: int AppTheme
com.baidu.apkruntime.R$style: R$style()
com.baidu.apkruntime.TargetActivator: TargetActivator()
com.baidu.apkruntime.ias.IASActivity: IASActivity()
com.baidu.apkruntime.ias.IASActivity: void openContextMenu(android.view.View)
com.baidu.apkruntime.ias.IASActivity: void registerForContextMenu(android.view.View)
com.baidu.apkruntime.ias.IASActivity: void setContentView(android.view.View)
com.baidu.apkruntime.ias.IASActivity: void unregisterForContextMenu(android.view.View)
com.baidu.apkruntime.ias.IASApplication: IASApplication()
com.baidu.apkruntime.ias.IASListActivity: IASListActivity()
com.baidu.apkruntime.ias.IASPreferenceActivity: IASPreferenceActivity()
com.baidu.apkruntime.ias.IASPreferenceActivity: void setListFooter(android.view.View)
com.baidu.apkruntime.ias.IASService: IASService()
com.baidu.apkruntime.proxy.ActivityProxy: ActivityProxy()
com.baidu.apkruntime.proxy.ActivityProxy: void openContextMenu(android.view.View)
com.baidu.apkruntime.proxy.ActivityProxy: void proxyOpenContextMenu(android.view.View)
com.baidu.apkruntime.proxy.ActivityProxy: void proxyRegisterForContextMenu(android.view.View)
com.baidu.apkruntime.proxy.ActivityProxy: void proxySetContentView(android.view.View)
com.baidu.apkruntime.proxy.ActivityProxy: void proxyUnregisterForContextMenu(android.view.View)
com.baidu.apkruntime.proxy.ActivityProxy: void registerForContextMenu(android.view.View)
com.baidu.apkruntime.proxy.ActivityProxy: void setContentView(android.view.View)
com.baidu.apkruntime.proxy.ActivityProxy: void unregisterForContextMenu(android.view.View)
com.baidu.apkruntime.proxy.ApplicationProxy
com.baidu.apkruntime.proxy.ApplicationProxy: ApplicationProxy()