gpt-sdk/proguard/usage.txt
com.baidu.apkruntime.R$style
com.baidu.apkruntime.adapter.ActivityProxyAdapter:
    public abstract void proxyDump(java.lang.String,java.io.FileDescriptor,java.io.PrintWriter,java.lang.String[])
    public abstract void proxyOnCreate(android.os.Bundle)
    public abstract void proxyOnRestart()
    public abstract void proxyStartActivityFromFragment(android.app.Fragment,android.content.Intent,int)
    public abstract void proxyStartIntentSenderFromChild(android.app.Activity,android.content.IntentSender,int,android.content.Intent,int,int,int)
com.baidu.apkruntime.adapter.ApplicationProxyAdapter
com.baidu.apkruntime.adapter.ListActivityProxyAdapter:
    public abstract void proxyOnListItemClick(android.widget.ListView,android.view.View,int,long)
com.baidu.apkruntime.adapter.ServiceProxyAdapter:
    public abstract void proxyDump(java.io.FileDescriptor,java.io.PrintWriter,java.lang.String[])
    public abstract void proxyOnRebind(android.content.Intent)
com.baidu.apkruntime.ias.IASActivity:
    public static final int DEFAULT_KEYS_DIALER
    public static final int DEFAULT_KEYS_DISABLE
    public static final int DEFAULT_KEYS_SEARCH_GLOBAL
    public static final int DEFAULT_KEYS_SEARCH_LOCAL
    public static final int DEFAULT_KEYS_SHORTCUT
    public static final int RESULT_CANCELED
    public static final int RESULT_FIRST_USER
    public static final int RESULT_OK
    91:92:public final void dismissDialog(int)
    123:125:public void dump(java.lang.String,java.io.FileDescriptor,java.io.PrintWriter,java.lang.String[])
    152:152:public android.app.Activity getActivity()
    156:161:public final com.baidu.apkruntime.ias.IASApplication getApplication()
    182:182:public android.content.ComponentName getComponentName()
    230:230:public final android.app.Activity getParent()
    250:250:public final java.lang.CharSequence getTitle()
    254:254:public final int getTitleColor()
    258:258:public final int getVolumeControlStream()
    290:290:public final boolean isChild()
    305:306:public final android.database.Cursor managedQuery(android.net.Uri,java.lang.String[],java.lang.String,java.lang.String[],java.lang.String)
    368:369:protected void onCreate(android.os.Bundle)
    510:511:public void onRestart()
    561:561:protected void onUserLeaveHint()
    599:600:public final void removeDialog(int)
    603:603:public final boolean requestWindowFeature(int)
    607:608:public final void runOnUiThread(java.lang.Runnable)
com.baidu.apkruntime.ias.IASContextWrapper:
    12:12:public java.lang.String getPackageNameSuper()
com.baidu.apkruntime.ias.IASListActivity:
    35:36:protected void onListItemClick(android.widget.ListView,android.view.View,int,long)
com.baidu.apkruntime.ias.IASService:
    public static final int START_CONTINUATION_MASK
    public static final int START_FLAG_REDELIVERY
    public static final int START_FLAG_RETRY
    public static final int START_NOT_STICKY
    public static final int START_REDELIVER_INTENT
    public static final int START_STICKY
    43:44:protected void dump(java.io.FileDescriptor,java.io.PrintWriter,java.lang.String[])
    54:58:public final com.baidu.apkruntime.ias.IASApplication getApplication()
    73:73:public android.app.Service getService()
    98:99:public void onRebind(android.content.Intent)
    140:141:public final void startForeground(int,android.app.Notification)
    150:151:public final void stopSelf()
    155:156:public final void stopSelf(int)
    160:160:public final boolean stopSelfResult(int)
com.baidu.apkruntime.plug.ApkTargetMapping:
    58:58:public android.content.pm.PermissionInfo[] getPermissions()
com.baidu.apkruntime.plug.TargetMapping:
    public abstract android.content.pm.PermissionInfo[] getPermissions()